CRITICAL - 2024-06-13 13:36:48 --> TypeError: App\Controllers\Home::index(): Return value must be of type string, none returned
[Method: GET, Route: /]
in APPPATH\Controllers\Home.php on line 11.
 1 SYSTEMPATH\CodeIgniter.php(933): App\Controllers\Home->index()
 2 SYSTEMPATH\CodeIgniter.php(509): CodeIgniter\CodeIgniter->runController()
 3 SYSTEMPATH\CodeIgniter.php(355): CodeIgniter\CodeIgniter->handleRequest()
 4 SYSTEMPATH\Boot.php(325): CodeIgniter\CodeIgniter->run()
 5 SYSTEMPATH\Boot.php(67): CodeIgniter\Boot::runCodeIgniter()
 6 FCPATH\index.php(56): CodeIgniter\Boot::bootWeb()
 7 SYSTEMPATH\Commands\Server\rewrite.php(49): require_once('C:\\Users\\Hp\\Documents\\Akmal Alkalafi\\Perkuliahan\\Semester 6\\pengembangan web\\c4-project1\\public\\index.php')
ERROR - 2024-06-13 14:13:45 --> Error connecting to the database: mysqli_sql_exception: Unknown database 'ci4' in C:\Users\Hp\Documents\Akmal Alkalafi\Perkuliahan\Semester 6\pengembangan web\c4-project1\system\Database\MySQLi\Connection.php:186
Stack trace:
#0 C:\Users\Hp\Documents\Akmal Alkalafi\Perkuliahan\Semester 6\pengembangan web\c4-project1\system\Database\MySQLi\Connection.php(186): mysqli->real_connect()
#1 C:\Users\Hp\Documents\Akmal Alkalafi\Perkuliahan\Semester 6\pengembangan web\c4-project1\system\Database\BaseConnection.php(421): CodeIgniter\Database\MySQLi\Connection->connect()
#2 C:\Users\Hp\Documents\Akmal Alkalafi\Perkuliahan\Semester 6\pengembangan web\c4-project1\system\Database\BaseConnection.php(614): CodeIgniter\Database\BaseConnection->initialize()
#3 C:\Users\Hp\Documents\Akmal Alkalafi\Perkuliahan\Semester 6\pengembangan web\c4-project1\system\Database\BaseConnection.php(1481): CodeIgniter\Database\BaseConnection->query()
#4 C:\Users\Hp\Documents\Akmal Alkalafi\Perkuliahan\Semester 6\pengembangan web\c4-project1\system\Database\BaseConnection.php(1500): CodeIgniter\Database\BaseConnection->listTables()
#5 C:\Users\Hp\Documents\Akmal Alkalafi\Perkuliahan\Semester 6\pengembangan web\c4-project1\system\Database\MigrationRunner.php(759): CodeIgniter\Database\BaseConnection->tableExists()
#6 C:\Users\Hp\Documents\Akmal Alkalafi\Perkuliahan\Semester 6\pengembangan web\c4-project1\system\Database\MigrationRunner.php(163): CodeIgniter\Database\MigrationRunner->ensureTable()
#7 C:\Users\Hp\Documents\Akmal Alkalafi\Perkuliahan\Semester 6\pengembangan web\c4-project1\system\Commands\Database\Migrate.php(85): CodeIgniter\Database\MigrationRunner->latest()
#8 C:\Users\Hp\Documents\Akmal Alkalafi\Perkuliahan\Semester 6\pengembangan web\c4-project1\system\CLI\Commands.php(70): CodeIgniter\Commands\Database\Migrate->run()
#9 C:\Users\Hp\Documents\Akmal Alkalafi\Perkuliahan\Semester 6\pengembangan web\c4-project1\system\CLI\Console.php(48): CodeIgniter\CLI\Commands->run()
#10 C:\Users\Hp\Documents\Akmal Alkalafi\Perkuliahan\Semester 6\pengembangan web\c4-project1\system\Boot.php(351): CodeIgniter\CLI\Console->run()
#11 C:\Users\Hp\Documents\Akmal Alkalafi\Perkuliahan\Semester 6\pengembangan web\c4-project1\system\Boot.php(104): CodeIgniter\Boot::runCommand()
#12 C:\Users\Hp\Documents\Akmal Alkalafi\Perkuliahan\Semester 6\pengembangan web\c4-project1\spark(84): CodeIgniter\Boot::bootSpark()
#13 {main}

Next CodeIgniter\Database\Exceptions\DatabaseException: Unknown database 'ci4' in C:\Users\Hp\Documents\Akmal Alkalafi\Perkuliahan\Semester 6\pengembangan web\c4-project1\system\Database\MySQLi\Connection.php:231
Stack trace:
#0 C:\Users\Hp\Documents\Akmal Alkalafi\Perkuliahan\Semester 6\pengembangan web\c4-project1\system\Database\BaseConnection.php(421): CodeIgniter\Database\MySQLi\Connection->connect()
#1 C:\Users\Hp\Documents\Akmal Alkalafi\Perkuliahan\Semester 6\pengembangan web\c4-project1\system\Database\BaseConnection.php(614): CodeIgniter\Database\BaseConnection->initialize()
#2 C:\Users\Hp\Documents\Akmal Alkalafi\Perkuliahan\Semester 6\pengembangan web\c4-project1\system\Database\BaseConnection.php(1481): CodeIgniter\Database\BaseConnection->query()
#3 C:\Users\Hp\Documents\Akmal Alkalafi\Perkuliahan\Semester 6\pengembangan web\c4-project1\system\Database\BaseConnection.php(1500): CodeIgniter\Database\BaseConnection->listTables()
#4 C:\Users\Hp\Documents\Akmal Alkalafi\Perkuliahan\Semester 6\pengembangan web\c4-project1\system\Database\MigrationRunner.php(759): CodeIgniter\Database\BaseConnection->tableExists()
#5 C:\Users\Hp\Documents\Akmal Alkalafi\Perkuliahan\Semester 6\pengembangan web\c4-project1\system\Database\MigrationRunner.php(163): CodeIgniter\Database\MigrationRunner->ensureTable()
#6 C:\Users\Hp\Documents\Akmal Alkalafi\Perkuliahan\Semester 6\pengembangan web\c4-project1\system\Commands\Database\Migrate.php(85): CodeIgniter\Database\MigrationRunner->latest()
#7 C:\Users\Hp\Documents\Akmal Alkalafi\Perkuliahan\Semester 6\pengembangan web\c4-project1\system\CLI\Commands.php(70): CodeIgniter\Commands\Database\Migrate->run()
#8 C:\Users\Hp\Documents\Akmal Alkalafi\Perkuliahan\Semester 6\pengembangan web\c4-project1\system\CLI\Console.php(48): CodeIgniter\CLI\Commands->run()
#9 C:\Users\Hp\Documents\Akmal Alkalafi\Perkuliahan\Semester 6\pengembangan web\c4-project1\system\Boot.php(351): CodeIgniter\CLI\Console->run()
#10 C:\Users\Hp\Documents\Akmal Alkalafi\Perkuliahan\Semester 6\pengembangan web\c4-project1\system\Boot.php(104): CodeIgniter\Boot::runCommand()
#11 C:\Users\Hp\Documents\Akmal Alkalafi\Perkuliahan\Semester 6\pengembangan web\c4-project1\spark(84): CodeIgniter\Boot::bootSpark()
#12 {main}
